2011-06-09 07:19:28.313 GMT Thread[main,5,main] Cleanup action starting
ERROR XBM0J: Directory C:\j2sdkee1.3.1\repository\LATITUDEE5400\db\JMSDB already exists.
	at c8e.u.a.newException(Unknown Source)
	at c8e.ck.c.createServiceRoot(Unknown Source)
	at c8e.ck.b.run(Unknown Source)
	at java.security.AccessController.doPrivileged(Native Method)
	at c8e.ck.b.createServiceRoot(Unknown Source)
	at c8e.dv.g.bootService(Unknown Source)
	at c8e.dv.g.createPersistentService(Unknown Source)
	at c8e.w.b.createPersistentService(Unknown Source)
	at c8e.p.n._m16(Unknown Source)
	at c8e.p.n.<init>(Unknown Source)
	at c8e.ct.e.<init>(Unknown Source)
	at c8e.ct.c.getNewLocalConnection(Unknown Source)
	at c8e.p.r.connect(Unknown Source)
	at COM.cloudscape.core.AbstractDataSource.getConnectionViaDriver(Unknown Source)
	at COM.cloudscape.core.AbstractDataSource.getDatabaseConnection(Unknown Source)
	at COM.cloudscape.core.BasicDataSource.getConnection(Unknown Source)
	at com.sun.jms.service.DBManager.initializeDatabaseTables(DBManager.java:256)
	at com.sun.jms.service.DBManager.<init>(DBManager.java:87)
	at com.sun.jms.service.DBManager.getInstance(DBManager.java:100)
	at com.sun.jms.service.TxnContextManager.initializeRecovery(TxnContextManager.java:303)
	at com.sun.jms.service.JMSServiceImpl.<init>(JMSServiceImpl.java:133)
	at com.sun.jms.service.JMSServiceImpl.getInstance(JMSServiceImpl.java:366)
	at com.sun.jms.service.JMSManagerImpl.startJMSService(JMSManagerImpl.java:87)
	at com.sun.enterprise.jms.JmsUtil.startJmsService(JmsUtil.java:169)
	at com.sun.enterprise.server.J2EEServer.run(J2EEServer.java:268)
	at com.sun.enterprise.server.J2EEServer.main(J2EEServer.java:972)
Cleanup action completed
2011-06-09 07:19:28.345 GMT Thread[main,5,main] Cleanup action starting
ERROR XBM0J: Directory C:\j2sdkee1.3.1\repository\LATITUDEE5400\db\JMSDB already exists.
	at c8e.u.a.newException(Unknown Source)
	at c8e.ck.c.createServiceRoot(Unknown Source)
	at c8e.ck.b.run(Unknown Source)
	at java.security.AccessController.doPrivileged(Native Method)
	at c8e.ck.b.createServiceRoot(Unknown Source)
	at c8e.dv.g.bootService(Unknown Source)
	at c8e.dv.g.createPersistentService(Unknown Source)
	at c8e.w.b.createPersistentService(Unknown Source)
	at c8e.p.n._m16(Unknown Source)
	at c8e.p.n.<init>(Unknown Source)
	at c8e.ct.e.<init>(Unknown Source)
	at c8e.ct.c.getNewLocalConnection(Unknown Source)
	at c8e.p.r.connect(Unknown Source)
	at COM.cloudscape.core.AbstractDataSource.getConnectionViaDriver(Unknown Source)
	at COM.cloudscape.core.AbstractDataSource.getDatabaseConnection(Unknown Source)
	at COM.cloudscape.core.BasicDataSource.getConnection(Unknown Source)
	at com.sun.jms.service.DBManager.getDBConnection(DBManager.java:391)
	at com.sun.jms.service.ServiceRecoveryManager.recoverDestinations(ServiceRecoveryManager.java:101)
	at com.sun.jms.service.ServiceRecoveryManager.recover(ServiceRecoveryManager.java:70)
	at com.sun.jms.service.JMSServiceImpl.initializationCheck(JMSServiceImpl.java:2148)
	at com.sun.jms.service.JMSServiceImpl.<init>(JMSServiceImpl.java:169)
	at com.sun.jms.service.JMSServiceImpl.getInstance(JMSServiceImpl.java:366)
	at com.sun.jms.service.JMSManagerImpl.startJMSService(JMSManagerImpl.java:87)
	at com.sun.enterprise.jms.JmsUtil.startJmsService(JmsUtil.java:169)
	at com.sun.enterprise.server.J2EEServer.run(J2EEServer.java:268)
	at com.sun.enterprise.server.J2EEServer.main(J2EEServer.java:972)
Cleanup action completed
2011-06-09 07:19:28.387 GMT Thread[main,5,main] Cleanup action starting
ERROR XBM0J: Directory C:\j2sdkee1.3.1\repository\LATITUDEE5400\db\JMSDB already exists.
	at c8e.u.a.newException(Unknown Source)
	at c8e.ck.c.createServiceRoot(Unknown Source)
	at c8e.ck.b.run(Unknown Source)
	at java.security.AccessController.doPrivileged(Native Method)
	at c8e.ck.b.createServiceRoot(Unknown Source)
	at c8e.dv.g.bootService(Unknown Source)
	at c8e.dv.g.createPersistentService(Unknown Source)
	at c8e.w.b.createPersistentService(Unknown Source)
	at c8e.p.n._m16(Unknown Source)
	at c8e.p.n.<init>(Unknown Source)
	at c8e.ct.e.<init>(Unknown Source)
	at c8e.ct.c.getNewLocalConnection(Unknown Source)
	at c8e.p.r.connect(Unknown Source)
	at COM.cloudscape.core.AbstractDataSource.getConnectionViaDriver(Unknown Source)
	at COM.cloudscape.core.AbstractDataSource.getDatabaseConnection(Unknown Source)
	at COM.cloudscape.core.BasicDataSource.getConnection(Unknown Source)
	at com.sun.jms.service.DBManager.getDBConnection(DBManager.java:391)
	at com.sun.jms.service.DestinationImpl.<init>(DestinationImpl.java:167)
	at com.sun.jms.service.QueueImpl.<init>(QueueImpl.java:98)
	at com.sun.jms.service.QueueImpl.<init>(QueueImpl.java:84)
	at com.sun.jms.service.ConnectionImpl.createQueue(ConnectionImpl.java:625)
	at com.sun.jms.service.JMSServiceImpl.createQueue(JMSServiceImpl.java:603)
	at org.omg.stub.com.sun.jms.service._JMSServiceImpl_Tie._invoke(Unknown Source)
	at com.sun.corba.ee.internal.corba.ServerDelegate.dispatch(ServerDelegate.java:355)
	at com.sun.corba.ee.internal.iiop.ORB.process(ORB.java:255)
	at com.sun.corba.ee.internal.iiop.LocalClientRequestImpl.invoke(LocalClientRequestImpl.java:101)
	at com.sun.corba.ee.internal.corba.ClientDelegate.invoke(ClientDelegate.java:232)
	at com.sun.corba.ee.internal.corba.ClientDelegate.invoke(ClientDelegate.java:274)
	at org.omg.CORBA.portable.ObjectImpl._invoke(ObjectImpl.java:459)
	at org.omg.stub.com.sun.jms._JMSService_Stub.createQueue(Unknown Source)
	at com.sun.jms.client.ConnectionImpl.createServiceDestination(ConnectionImpl.java:819)
	at com.sun.jms.admin.Administrator.createQueue(Administrator.java:210)
	at com.sun.jms.admin.Administrator.createProviderDestination(Administrator.java:761)
	at com.sun.enterprise.jms.JmsConfig.createDestination(JmsConfig.java:104)
	at com.sun.enterprise.jms.JmsUtil.startJmsService(JmsUtil.java:189)
	at com.sun.enterprise.server.J2EEServer.run(J2EEServer.java:268)
	at com.sun.enterprise.server.J2EEServer.main(J2EEServer.java:972)
Cleanup action completed
2011-06-09 07:19:28.396 GMT Thread[main,5,main] Cleanup action starting
ERROR XBM0J: Directory C:\j2sdkee1.3.1\repository\LATITUDEE5400\db\JMSDB already exists.
	at c8e.u.a.newException(Unknown Source)
	at c8e.ck.c.createServiceRoot(Unknown Source)
	at c8e.ck.b.run(Unknown Source)
	at java.security.AccessController.doPrivileged(Native Method)
	at c8e.ck.b.createServiceRoot(Unknown Source)
	at c8e.dv.g.bootService(Unknown Source)
	at c8e.dv.g.createPersistentService(Unknown Source)
	at c8e.w.b.createPersistentService(Unknown Source)
	at c8e.p.n._m16(Unknown Source)
	at c8e.p.n.<init>(Unknown Source)
	at c8e.ct.e.<init>(Unknown Source)
	at c8e.ct.c.getNewLocalConnection(Unknown Source)
	at c8e.p.r.connect(Unknown Source)
	at COM.cloudscape.core.AbstractDataSource.getConnectionViaDriver(Unknown Source)
	at COM.cloudscape.core.AbstractDataSource.getDatabaseConnection(Unknown Source)
	at COM.cloudscape.core.BasicDataSource.getConnection(Unknown Source)
	at com.sun.jms.service.DBManager.getDBConnection(DBManager.java:391)
	at com.sun.jms.service.QueueImpl.loadLoggedMessages(QueueImpl.java:281)
	at com.sun.jms.service.QueueImpl.<init>(QueueImpl.java:103)
	at com.sun.jms.service.QueueImpl.<init>(QueueImpl.java:84)
	at com.sun.jms.service.ConnectionImpl.createQueue(ConnectionImpl.java:625)
	at com.sun.jms.service.JMSServiceImpl.createQueue(JMSServiceImpl.java:603)
	at org.omg.stub.com.sun.jms.service._JMSServiceImpl_Tie._invoke(Unknown Source)
	at com.sun.corba.ee.internal.corba.ServerDelegate.dispatch(ServerDelegate.java:355)
	at com.sun.corba.ee.internal.iiop.ORB.process(ORB.java:255)
	at com.sun.corba.ee.internal.iiop.LocalClientRequestImpl.invoke(LocalClientRequestImpl.java:101)
	at com.sun.corba.ee.internal.corba.ClientDelegate.invoke(ClientDelegate.java:232)
	at com.sun.corba.ee.internal.corba.ClientDelegate.invoke(ClientDelegate.java:274)
	at org.omg.CORBA.portable.ObjectImpl._invoke(ObjectImpl.java:459)
	at org.omg.stub.com.sun.jms._JMSService_Stub.createQueue(Unknown Source)
	at com.sun.jms.client.ConnectionImpl.createServiceDestination(ConnectionImpl.java:819)
	at com.sun.jms.admin.Administrator.createQueue(Administrator.java:210)
	at com.sun.jms.admin.Administrator.createProviderDestination(Administrator.java:761)
	at com.sun.enterprise.jms.JmsConfig.createDestination(JmsConfig.java:104)
	at com.sun.enterprise.jms.JmsUtil.startJmsService(JmsUtil.java:189)
	at com.sun.enterprise.server.J2EEServer.run(J2EEServer.java:268)
	at com.sun.enterprise.server.J2EEServer.main(J2EEServer.java:972)
Cleanup action completed
2011-06-09 07:19:28.405 GMT Thread[main,5,main] Cleanup action starting
ERROR XBM0J: Directory C:\j2sdkee1.3.1\repository\LATITUDEE5400\db\JMSDB already exists.
	at c8e.u.a.newException(Unknown Source)
	at c8e.ck.c.createServiceRoot(Unknown Source)
	at c8e.ck.b.run(Unknown Source)
	at java.security.AccessController.doPrivileged(Native Method)
	at c8e.ck.b.createServiceRoot(Unknown Source)
	at c8e.dv.g.bootService(Unknown Source)
	at c8e.dv.g.createPersistentService(Unknown Source)
	at c8e.w.b.createPersistentService(Unknown Source)
	at c8e.p.n._m16(Unknown Source)
	at c8e.p.n.<init>(Unknown Source)
	at c8e.ct.e.<init>(Unknown Source)
	at c8e.ct.c.getNewLocalConnection(Unknown Source)
	at c8e.p.r.connect(Unknown Source)
	at COM.cloudscape.core.AbstractDataSource.getConnectionViaDriver(Unknown Source)
	at COM.cloudscape.core.AbstractDataSource.getDatabaseConnection(Unknown Source)
	at COM.cloudscape.core.BasicDataSource.getConnection(Unknown Source)
	at com.sun.jms.service.DBManager.getDBConnection(DBManager.java:391)
	at com.sun.jms.service.DestinationImpl.<init>(DestinationImpl.java:167)
	at com.sun.jms.service.TopicImpl.<init>(TopicImpl.java:47)
	at com.sun.jms.service.TopicImpl.<init>(TopicImpl.java:103)
	at com.sun.jms.service.ConnectionImpl.createTopic(ConnectionImpl.java:649)
	at com.sun.jms.service.JMSServiceImpl.createTopic(JMSServiceImpl.java:652)
	at org.omg.stub.com.sun.jms.service._JMSServiceImpl_Tie._invoke(Unknown Source)
	at com.sun.corba.ee.internal.corba.ServerDelegate.dispatch(ServerDelegate.java:355)
	at com.sun.corba.ee.internal.iiop.ORB.process(ORB.java:255)
	at com.sun.corba.ee.internal.iiop.LocalClientRequestImpl.invoke(LocalClientRequestImpl.java:101)
	at com.sun.corba.ee.internal.corba.ClientDelegate.invoke(ClientDelegate.java:232)
	at com.sun.corba.ee.internal.corba.ClientDelegate.invoke(ClientDelegate.java:274)
	at org.omg.CORBA.portable.ObjectImpl._invoke(ObjectImpl.java:459)
	at org.omg.stub.com.sun.jms._JMSService_Stub.createTopic(Unknown Source)
	at com.sun.jms.client.ConnectionImpl.createServiceDestination(ConnectionImpl.java:823)
	at com.sun.jms.admin.Administrator.createTopic(Administrator.java:221)
	at com.sun.jms.admin.Administrator.createProviderDestination(Administrator.java:764)
	at com.sun.enterprise.jms.JmsConfig.createDestination(JmsConfig.java:104)
	at com.sun.enterprise.jms.JmsUtil.startJmsService(JmsUtil.java:189)
	at com.sun.enterprise.server.J2EEServer.run(J2EEServer.java:268)
	at com.sun.enterprise.server.J2EEServer.main(J2EEServer.java:972)
Cleanup action completed
2011-06-09 07:19:28.412 GMT Thread[main,5,main] Cleanup action starting
ERROR XBM0J: Directory C:\j2sdkee1.3.1\repository\LATITUDEE5400\db\JMSDB already exists.
	at c8e.u.a.newException(Unknown Source)
	at c8e.ck.c.createServiceRoot(Unknown Source)
	at c8e.ck.b.run(Unknown Source)
	at java.security.AccessController.doPrivileged(Native Method)
	at c8e.ck.b.createServiceRoot(Unknown Source)
	at c8e.dv.g.bootService(Unknown Source)
	at c8e.dv.g.createPersistentService(Unknown Source)
	at c8e.w.b.createPersistentService(Unknown Source)
	at c8e.p.n._m16(Unknown Source)
	at c8e.p.n.<init>(Unknown Source)
	at c8e.ct.e.<init>(Unknown Source)
	at c8e.ct.c.getNewLocalConnection(Unknown Source)
	at c8e.p.r.connect(Unknown Source)
	at COM.cloudscape.core.AbstractDataSource.getConnectionViaDriver(Unknown Source)
	at COM.cloudscape.core.AbstractDataSource.getDatabaseConnection(Unknown Source)
	at COM.cloudscape.core.BasicDataSource.getConnection(Unknown Source)
	at com.sun.jms.service.DBManager.getDBConnection(DBManager.java:391)
	at com.sun.jms.service.DurableSubscription.loadDurableSubscribersForDestination(DurableSubscription.java:248)
	at com.sun.jms.service.TopicImpl.loadDurableSubscribers(TopicImpl.java:67)
	at com.sun.jms.service.TopicImpl.<init>(TopicImpl.java:51)
	at com.sun.jms.service.TopicImpl.<init>(TopicImpl.java:103)
	at com.sun.jms.service.ConnectionImpl.createTopic(ConnectionImpl.java:649)
	at com.sun.jms.service.JMSServiceImpl.createTopic(JMSServiceImpl.java:652)
	at org.omg.stub.com.sun.jms.service._JMSServiceImpl_Tie._invoke(Unknown Source)
	at com.sun.corba.ee.internal.corba.ServerDelegate.dispatch(ServerDelegate.java:355)
	at com.sun.corba.ee.internal.iiop.ORB.process(ORB.java:255)
	at com.sun.corba.ee.internal.iiop.LocalClientRequestImpl.invoke(LocalClientRequestImpl.java:101)
	at com.sun.corba.ee.internal.corba.ClientDelegate.invoke(ClientDelegate.java:232)
	at com.sun.corba.ee.internal.corba.ClientDelegate.invoke(ClientDelegate.java:274)
	at org.omg.CORBA.portable.ObjectImpl._invoke(ObjectImpl.java:459)
	at org.omg.stub.com.sun.jms._JMSService_Stub.createTopic(Unknown Source)
	at com.sun.jms.client.ConnectionImpl.createServiceDestination(ConnectionImpl.java:823)
	at com.sun.jms.admin.Administrator.createTopic(Administrator.java:221)
	at com.sun.jms.admin.Administrator.createProviderDestination(Administrator.java:764)
	at com.sun.enterprise.jms.JmsConfig.createDestination(JmsConfig.java:104)
	at com.sun.enterprise.jms.JmsUtil.startJmsService(JmsUtil.java:189)
	at com.sun.enterprise.server.J2EEServer.run(J2EEServer.java:268)
	at com.sun.enterprise.server.J2EEServer.main(J2EEServer.java:972)
Cleanup action completed
